Using pre-set license
Built from '2020.3/release' branch; Version is '2020.3.2f1 (8fd9074bf66c) revision 9427207'; Using compiler version '192528614'; Build Type 'Release'
OS: 'Windows 10 Education; OS build 19042.1083; Version 2009; 64bit' Language: 'en' Physical Memory: 16293 MB
BatchMode: 1, IsHumanControllingUs: 0, StartBugReporterOnCrash: 0, Is64bit: 1, IsPro: 0

 COMMAND LINE ARGUMENTS:
C:\Program Files\Unity\Editor\Unity.exe
-adb2
-batchMode
-noUpm
-name
AssetImportWorker0
-projectPath
C:/Users/7152/OneDrive - pukekohehigh.school.nz/DIT/CaveRhythmGame
-logFile
Logs/AssetImportWorker0.log
-srvPort
52313
Successfully changed project path to: C:/Users/7152/OneDrive - pukekohehigh.school.nz/DIT/CaveRhythmGame
C:/Users/7152/OneDrive - pukekohehigh.school.nz/DIT/CaveRhythmGame
Using Asset Import Pipeline V2.
Refreshing native plugins compatible for Editor in 35.59 ms, found 0 plugins.
Preloading 0 native plugins for Editor in 0.00 ms.
Initialize engine version: 2020.3.2f1 (8fd9074bf66c)
[Subsystems] Discovering subsystems at path C:/Program Files/Unity/Editor/Data/Resources/UnitySubsystems
[Subsystems] Discovering subsystems at path C:/Users/7152/OneDrive - pukekohehigh.school.nz/DIT/CaveRhythmGame/Assets
GfxDevice: creating device client; threaded=0
Direct3D:
    Version:  Direct3D 11.0 [level 11.1]
    Renderer: NVIDIA GeForce RTX 3060 Ti (ID=0x2486)
    Vendor:   
    VRAM:     8050 MB
    Driver:   27.21.14.5751
Shader 'Universal Render Pipeline/Particles/Lit': fallback shader 'Universal Render Pipeline/Particles/SimpleLit' not found
Initialize mono
Mono path[0] = 'C:/Program Files/Unity/Editor/Data/Managed'
Mono path[1] = 'C:/Program Files/Unity/Editor/Data/MonoBleedingEdge/lib/mono/unityjit'
Mono config path = 'C:/Program Files/Unity/Editor/Data/MonoBleedingEdge/etc'
Using monoOptions --debugger-agent=transport=dt_socket,embedding=1,server=y,suspend=n,address=127.0.0.1:56388
Begin MonoManager ReloadAssembly
Registering precompiled unity dll's ...
Register platform support module: C:/Program Files/Unity/Editor/Data/PlaybackEngines/WindowsStandaloneSupport/UnityEditor.WindowsStandalone.Extensions.dll
Registered in 0.001436 seconds.
Native extension for WindowsStandalone target not found
Refreshing native plugins compatible for Editor in 36.49 ms, found 0 plugins.
Preloading 0 native plugins for Editor in 0.00 ms.
Invoked RoslynAnalysisRunner static constructor.
RoslynAnalysisRunner will not be running.
RoslynAnalysisRunner has terminated.
Mono: successfully reloaded assembly
- Completed reload, in  0.800 seconds
Platform modules already initialized, skipping
Registering precompiled user dll's ...
Registered in 0.001209 seconds.
Begin MonoManager ReloadAssembly
Native extension for WindowsStandalone target not found
Refreshing native plugins compatible for Editor in 35.50 ms, found 0 plugins.
Preloading 0 native plugins for Editor in 0.00 ms.
Invoked RoslynAnalysisRunner static constructor.
RoslynAnalysisRunner will not be running.
RoslynAnalysisRunner has terminated.
Mono: successfully reloaded assembly
- Completed reload, in  0.744 seconds
Platform modules already initialized, skipping
========================================================================
Worker process is ready to serve import requests
Shader 'Universal Render Pipeline/Particles/Lit': fallback shader 'Universal Render Pipeline/Particles/SimpleLit' not found
Launched and connected shader compiler UnityShaderCompiler.exe after 0.03 seconds
Refreshing native plugins compatible for Editor in 0.39 ms, found 0 plugins.
Preloading 0 native plugins for Editor in 0.00 ms.
Unloading 2489 Unused Serialized files (Serialized files now loaded: 0)
System memory in use before: 120.3 MB.
System memory in use after: 120.5 MB.

Unloading 10 unused Assets to reduce memory usage. Loaded Objects now: 2934.
Total: 2.211100 ms (FindLiveObjects: 0.436000 ms CreateObjectMapping: 0.253300 ms MarkObjects: 1.430300 ms  DeleteObjects: 0.090500 ms)

========================================================================
Received Import Request.
  path: Assets/Prefabs/JumpUp.prefab
  artifactKey: Guid(4d2fc21360574c642b9601dcae21051d) Importer(815301076,1909f56bfc062723c751e8b465ee728b)
Start importing Assets/Prefabs/JumpUp.prefab using Guid(4d2fc21360574c642b9601dcae21051d) Importer(815301076,1909f56bfc062723c751e8b465ee728b)  -> (artifact id: '4e0a38384468a24217c8858859e78d24') in 0.172736 seconds
  Import took 0.176851 seconds .

========================================================================
Received Import Request.
  Time since last request: 0.000397 seconds.
  path: Assets/Prefabs/DodgeLeft.prefab
  artifactKey: Guid(25d72cb7545b5c949999edb1048e6fe7) Importer(815301076,1909f56bfc062723c751e8b465ee728b)
Start importing Assets/Prefabs/DodgeLeft.prefab using Guid(25d72cb7545b5c949999edb1048e6fe7) Importer(815301076,1909f56bfc062723c751e8b465ee728b)  -> (artifact id: 'fb77c9b0c0b1c57a5a9f615ddef39503') in 0.008706 seconds
  Import took 0.012889 seconds .

========================================================================
Received Import Request.
  Time since last request: 0.000348 seconds.
  path: Assets/Prefabs/DodgeRight.prefab
  artifactKey: Guid(5f58a73ed333c4b4fa1aafdbf4270687) Importer(815301076,1909f56bfc062723c751e8b465ee728b)
Start importing Assets/Prefabs/DodgeRight.prefab using Guid(5f58a73ed333c4b4fa1aafdbf4270687) Importer(815301076,1909f56bfc062723c751e8b465ee728b)  -> (artifact id: 'cbd4be02618d00cd9fc0aaa70dd2f488') in 0.007996 seconds
  Import took 0.011916 seconds .

========================================================================
Received Prepare
Registering precompiled user dll's ...
Registered in 0.001087 seconds.
Begin MonoManager ReloadAssembly
Native extension for WindowsStandalone target not found
Refreshing native plugins compatible for Editor in 0.38 ms, found 0 plugins.
Preloading 0 native plugins for Editor in 0.00 ms.
Invoked RoslynAnalysisRunner static constructor.
RoslynAnalysisRunner will not be running.
RoslynAnalysisRunner has terminated.
Mono: successfully reloaded assembly
- Completed reload, in  0.686 seconds
Platform modules already initialized, skipping
Shader 'Universal Render Pipeline/Particles/Lit': fallback shader 'Universal Render Pipeline/Particles/SimpleLit' not found
Refreshing native plugins compatible for Editor in 0.40 ms, found 0 plugins.
Preloading 0 native plugins for Editor in 0.00 ms.
Unloading 2362 Unused Serialized files (Serialized files now loaded: 0)
System memory in use before: 116.8 MB.
System memory in use after: 117.0 MB.

Unloading 5 unused Assets to reduce memory usage. Loaded Objects now: 2982.
Total: 1.789600 ms (FindLiveObjects: 0.244400 ms CreateObjectMapping: 0.092500 ms MarkObjects: 1.439700 ms  DeleteObjects: 0.012500 ms)

========================================================================
Received Prepare
Registering precompiled user dll's ...
Registered in 0.001103 seconds.
Begin MonoManager ReloadAssembly
Native extension for WindowsStandalone target not found
Refreshing native plugins compatible for Editor in 0.38 ms, found 0 plugins.
Preloading 0 native plugins for Editor in 0.00 ms.
Invoked RoslynAnalysisRunner static constructor.
RoslynAnalysisRunner will not be running.
RoslynAnalysisRunner has terminated.
Mono: successfully reloaded assembly
- Completed reload, in  0.697 seconds
Platform modules already initialized, skipping
Shader 'Universal Render Pipeline/Particles/Lit': fallback shader 'Universal Render Pipeline/Particles/SimpleLit' not found
Refreshing native plugins compatible for Editor in 0.38 ms, found 0 plugins.
Preloading 0 native plugins for Editor in 0.00 ms.
Unloading 2362 Unused Serialized files (Serialized files now loaded: 0)
System memory in use before: 116.8 MB.
System memory in use after: 117.1 MB.

Unloading 5 unused Assets to reduce memory usage. Loaded Objects now: 2985.
Total: 2.223900 ms (FindLiveObjects: 0.266600 ms CreateObjectMapping: 0.113400 ms MarkObjects: 1.822600 ms  DeleteObjects: 0.019900 ms)

========================================================================
Received Prepare
Registering precompiled user dll's ...
Registered in 0.001183 seconds.
Begin MonoManager ReloadAssembly
Native extension for WindowsStandalone target not found
Refreshing native plugins compatible for Editor in 0.38 ms, found 0 plugins.
Preloading 0 native plugins for Editor in 0.00 ms.
Invoked RoslynAnalysisRunner static constructor.
RoslynAnalysisRunner will not be running.
RoslynAnalysisRunner has terminated.
Mono: successfully reloaded assembly
- Completed reload, in  0.667 seconds
Platform modules already initialized, skipping
Shader 'Universal Render Pipeline/Particles/Lit': fallback shader 'Universal Render Pipeline/Particles/SimpleLit' not found
Refreshing native plugins compatible for Editor in 0.38 ms, found 0 plugins.
Preloading 0 native plugins for Editor in 0.00 ms.
Unloading 2362 Unused Serialized files (Serialized files now loaded: 0)
System memory in use before: 116.9 MB.
System memory in use after: 117.1 MB.

Unloading 5 unused Assets to reduce memory usage. Loaded Objects now: 2988.
Total: 1.925900 ms (FindLiveObjects: 0.284100 ms CreateObjectMapping: 0.105600 ms MarkObjects: 1.521000 ms  DeleteObjects: 0.014100 ms)

========================================================================
Received Prepare
Registering precompiled user dll's ...
Registered in 0.001172 seconds.
Begin MonoManager ReloadAssembly
Native extension for WindowsStandalone target not found
Refreshing native plugins compatible for Editor in 0.41 ms, found 0 plugins.
Preloading 0 native plugins for Editor in 0.00 ms.
Invoked RoslynAnalysisRunner static constructor.
RoslynAnalysisRunner will not be running.
RoslynAnalysisRunner has terminated.
Mono: successfully reloaded assembly
- Completed reload, in  0.685 seconds
Platform modules already initialized, skipping
Shader 'Universal Render Pipeline/Particles/Lit': fallback shader 'Universal Render Pipeline/Particles/SimpleLit' not found
Refreshing native plugins compatible for Editor in 0.38 ms, found 0 plugins.
Preloading 0 native plugins for Editor in 0.00 ms.
Unloading 2362 Unused Serialized files (Serialized files now loaded: 0)
System memory in use before: 116.9 MB.
System memory in use after: 117.1 MB.

Unloading 5 unused Assets to reduce memory usage. Loaded Objects now: 2991.
Total: 1.930900 ms (FindLiveObjects: 0.216400 ms CreateObjectMapping: 0.096500 ms MarkObjects: 1.603600 ms  DeleteObjects: 0.013700 ms)

========================================================================
Received Prepare
Registering precompiled user dll's ...
Registered in 0.001128 seconds.
Begin MonoManager ReloadAssembly
Native extension for WindowsStandalone target not found
Refreshing native plugins compatible for Editor in 0.38 ms, found 0 plugins.
Preloading 0 native plugins for Editor in 0.00 ms.
Invoked RoslynAnalysisRunner static constructor.
RoslynAnalysisRunner will not be running.
RoslynAnalysisRunner has terminated.
Mono: successfully reloaded assembly
- Completed reload, in  0.678 seconds
Platform modules already initialized, skipping
Shader 'Universal Render Pipeline/Particles/Lit': fallback shader 'Universal Render Pipeline/Particles/SimpleLit' not found
Refreshing native plugins compatible for Editor in 0.38 ms, found 0 plugins.
Preloading 0 native plugins for Editor in 0.00 ms.
Unloading 2362 Unused Serialized files (Serialized files now loaded: 0)
System memory in use before: 116.8 MB.
System memory in use after: 117.0 MB.

Unloading 5 unused Assets to reduce memory usage. Loaded Objects now: 2994.
Total: 1.858000 ms (FindLiveObjects: 0.247900 ms CreateObjectMapping: 0.103300 ms MarkObjects: 1.491400 ms  DeleteObjects: 0.014100 ms)

========================================================================
Received Import Request.
  Time since last request: 2537.074169 seconds.
  path: Assets/3D Objects/AnimDodging Left.fbx
  artifactKey: Guid(c8ee22467ccd9ab4d9639a17d30936ee) Importer(815301076,1909f56bfc062723c751e8b465ee728b)
Start importing Assets/3D Objects/AnimDodging Left.fbx using Guid(c8ee22467ccd9ab4d9639a17d30936ee) Importer(815301076,1909f56bfc062723c751e8b465ee728b)  -> (artifact id: 'd8c469c39050c9b3a2c0bbf70a498a5c') in 0.250512 seconds
  Import took 0.257638 seconds .

========================================================================
Received Import Request.
  Time since last request: 0.000271 seconds.
  path: Assets/3D Objects/AnimJump.fbx
  artifactKey: Guid(f3e85bf6984c67242a8bf1eceb42d869) Importer(815301076,1909f56bfc062723c751e8b465ee728b)
Start importing Assets/3D Objects/AnimJump.fbx using Guid(f3e85bf6984c67242a8bf1eceb42d869) Importer(815301076,1909f56bfc062723c751e8b465ee728b)  -> (artifact id: 'ddf9f3b0f9945184c4fa5677bd5214ac') in 0.050463 seconds
  Import took 0.055389 seconds .

========================================================================
Received Import Request.
  Time since last request: 0.000259 seconds.
  path: Assets/3D Objects/AnimDodging Right.fbx
  artifactKey: Guid(10d0a37b3e07deb449037b7a24873078) Importer(815301076,1909f56bfc062723c751e8b465ee728b)
Start importing Assets/3D Objects/AnimDodging Right.fbx using Guid(10d0a37b3e07deb449037b7a24873078) Importer(815301076,1909f56bfc062723c751e8b465ee728b)  -> (artifact id: '1b37f26490da2b7ea77c5ad7f9ae9391') in 0.036414 seconds
  Import took 0.041036 seconds .

========================================================================
Received Import Request.
  Time since last request: 0.000259 seconds.
  path: Assets/3D Objects/AnimRunning.fbx
  artifactKey: Guid(fefc5afd4cbaeaa4eb79caa45b12808a) Importer(815301076,1909f56bfc062723c751e8b465ee728b)
Start importing Assets/3D Objects/AnimRunning.fbx using Guid(fefc5afd4cbaeaa4eb79caa45b12808a) Importer(815301076,1909f56bfc062723c751e8b465ee728b)  -> (artifact id: '9092c61e7028a85879b346ae4a30cb11') in 0.035205 seconds
  Import took 0.039943 seconds .

========================================================================
Received Prepare
Registering precompiled user dll's ...
Registered in 0.001076 seconds.
Begin MonoManager ReloadAssembly
Native extension for WindowsStandalone target not found
Refreshing native plugins compatible for Editor in 0.67 ms, found 0 plugins.
Preloading 0 native plugins for Editor in 0.00 ms.
Invoked RoslynAnalysisRunner static constructor.
RoslynAnalysisRunner will not be running.
RoslynAnalysisRunner has terminated.
Mono: successfully reloaded assembly
- Completed reload, in  0.708 seconds
Platform modules already initialized, skipping
Shader 'Universal Render Pipeline/Particles/Lit': fallback shader 'Universal Render Pipeline/Particles/SimpleLit' not found
Refreshing native plugins compatible for Editor in 0.38 ms, found 0 plugins.
Preloading 0 native plugins for Editor in 0.00 ms.
Unloading 2362 Unused Serialized files (Serialized files now loaded: 0)
System memory in use before: 131.0 MB.
System memory in use after: 131.2 MB.

Unloading 5 unused Assets to reduce memory usage. Loaded Objects now: 3070.
Total: 1.824900 ms (FindLiveObjects: 0.282700 ms CreateObjectMapping: 0.090800 ms MarkObjects: 1.438600 ms  DeleteObjects: 0.011600 ms)

========================================================================
Received Prepare
Registering precompiled user dll's ...
Registered in 0.001232 seconds.
Begin MonoManager ReloadAssembly
Native extension for WindowsStandalone target not found
Refreshing native plugins compatible for Editor in 0.38 ms, found 0 plugins.
Preloading 0 native plugins for Editor in 0.00 ms.
Invoked RoslynAnalysisRunner static constructor.
RoslynAnalysisRunner will not be running.
RoslynAnalysisRunner has terminated.
Mono: successfully reloaded assembly
- Completed reload, in  0.686 seconds
Platform modules already initialized, skipping
Shader 'Universal Render Pipeline/Particles/Lit': fallback shader 'Universal Render Pipeline/Particles/SimpleLit' not found
Refreshing native plugins compatible for Editor in 0.38 ms, found 0 plugins.
Preloading 0 native plugins for Editor in 0.00 ms.
Unloading 2362 Unused Serialized files (Serialized files now loaded: 0)
System memory in use before: 131.0 MB.
System memory in use after: 131.3 MB.

Unloading 5 unused Assets to reduce memory usage. Loaded Objects now: 3073.
Total: 2.056300 ms (FindLiveObjects: 0.257900 ms CreateObjectMapping: 0.114900 ms MarkObjects: 1.670400 ms  DeleteObjects: 0.012400 ms)

========================================================================
Received Prepare
Registering precompiled user dll's ...
Registered in 0.001195 seconds.
Begin MonoManager ReloadAssembly
Native extension for WindowsStandalone target not found
Refreshing native plugins compatible for Editor in 0.40 ms, found 0 plugins.
Preloading 0 native plugins for Editor in 0.00 ms.
Invoked RoslynAnalysisRunner static constructor.
RoslynAnalysisRunner will not be running.
RoslynAnalysisRunner has terminated.
Mono: successfully reloaded assembly
- Completed reload, in  0.683 seconds
Platform modules already initialized, skipping
Shader 'Universal Render Pipeline/Particles/Lit': fallback shader 'Universal Render Pipeline/Particles/SimpleLit' not found
Refreshing native plugins compatible for Editor in 0.40 ms, found 0 plugins.
Preloading 0 native plugins for Editor in 0.00 ms.
Unloading 2362 Unused Serialized files (Serialized files now loaded: 0)
System memory in use before: 131.0 MB.
System memory in use after: 131.3 MB.

Unloading 5 unused Assets to reduce memory usage. Loaded Objects now: 3076.
Total: 2.141800 ms (FindLiveObjects: 0.318400 ms CreateObjectMapping: 0.144500 ms MarkObjects: 1.664300 ms  DeleteObjects: 0.013700 ms)

========================================================================
Received Prepare
Registering precompiled user dll's ...
Registered in 0.001251 seconds.
Begin MonoManager ReloadAssembly
Native extension for WindowsStandalone target not found
Refreshing native plugins compatible for Editor in 0.38 ms, found 0 plugins.
Preloading 0 native plugins for Editor in 0.00 ms.
Invoked RoslynAnalysisRunner static constructor.
RoslynAnalysisRunner will not be running.
RoslynAnalysisRunner has terminated.
Mono: successfully reloaded assembly
- Completed reload, in  0.670 seconds
Platform modules already initialized, skipping
Shader 'Universal Render Pipeline/Particles/Lit': fallback shader 'Universal Render Pipeline/Particles/SimpleLit' not found
Refreshing native plugins compatible for Editor in 0.38 ms, found 0 plugins.
Preloading 0 native plugins for Editor in 0.00 ms.
Unloading 2362 Unused Serialized files (Serialized files now loaded: 0)
System memory in use before: 131.1 MB.
System memory in use after: 131.3 MB.

Unloading 5 unused Assets to reduce memory usage. Loaded Objects now: 3079.
Total: 2.123000 ms (FindLiveObjects: 0.251400 ms CreateObjectMapping: 0.096500 ms MarkObjects: 1.763100 ms  DeleteObjects: 0.011200 ms)

========================================================================
Received Import Request.
  Time since last request: 1296.608646 seconds.
  path: Assets/3D Objects/AnimRunning.fbx
  artifactKey: Guid(fefc5afd4cbaeaa4eb79caa45b12808a) Importer(815301076,1909f56bfc062723c751e8b465ee728b)
Start importing Assets/3D Objects/AnimRunning.fbx using Guid(fefc5afd4cbaeaa4eb79caa45b12808a) Importer(815301076,1909f56bfc062723c751e8b465ee728b)  -> (artifact id: '34286d591a2d5f1bb6e19dd78bc1925d') in 0.174997 seconds
  Import took 0.180140 seconds .

========================================================================
Received Import Request.
  Time since last request: 61.065832 seconds.
  path: Assets/PlayerAController.controller
  artifactKey: Guid(404983083caa9d64688e7d544a7b60cd) Importer(815301076,1909f56bfc062723c751e8b465ee728b)
Start importing Assets/PlayerAController.controller using Guid(404983083caa9d64688e7d544a7b60cd) Importer(815301076,1909f56bfc062723c751e8b465ee728b)  -> (artifact id: 'eb160cb2860e7342256d4f8605cd10a6') in 0.004738 seconds
  Import took 0.010142 seconds .

========================================================================
Received Import Request.
  Time since last request: 32.900263 seconds.
  path: Assets/PlayerAController.controller
  artifactKey: Guid(404983083caa9d64688e7d544a7b60cd) Importer(815301076,1909f56bfc062723c751e8b465ee728b)
Start importing Assets/PlayerAController.controller using Guid(404983083caa9d64688e7d544a7b60cd) Importer(815301076,1909f56bfc062723c751e8b465ee728b)  -> (artifact id: '06f53707841bd94e8458da65d8cd4424') in 0.002312 seconds
  Import took 0.007343 seconds .

========================================================================
Received Import Request.
  Time since last request: 49.397503 seconds.
  path: Assets/3D Objects/AnimJump.fbx
  artifactKey: Guid(f3e85bf6984c67242a8bf1eceb42d869) Importer(815301076,1909f56bfc062723c751e8b465ee728b)
Start importing Assets/3D Objects/AnimJump.fbx using Guid(f3e85bf6984c67242a8bf1eceb42d869) Importer(815301076,1909f56bfc062723c751e8b465ee728b)  -> (artifact id: 'cdd6efe67967ae91b65ee6c7f4fc4c4e') in 0.038379 seconds
  Import took 0.043454 seconds .

========================================================================
Received Import Request.
  Time since last request: 5.182838 seconds.
  path: Assets/3D Objects/AnimDodging Right.fbx
  artifactKey: Guid(10d0a37b3e07deb449037b7a24873078) Importer(815301076,1909f56bfc062723c751e8b465ee728b)
Start importing Assets/3D Objects/AnimDodging Right.fbx using Guid(10d0a37b3e07deb449037b7a24873078) Importer(815301076,1909f56bfc062723c751e8b465ee728b)  -> (artifact id: 'e5b75654fad8499f63f499ae8ee35882') in 0.040570 seconds
  Import took 0.045636 seconds .

========================================================================
Received Import Request.
  Time since last request: 8.650122 seconds.
  path: Assets/3D Objects/AnimDodging Left.fbx
  artifactKey: Guid(c8ee22467ccd9ab4d9639a17d30936ee) Importer(815301076,1909f56bfc062723c751e8b465ee728b)
Start importing Assets/3D Objects/AnimDodging Left.fbx using Guid(c8ee22467ccd9ab4d9639a17d30936ee) Importer(815301076,1909f56bfc062723c751e8b465ee728b)  -> (artifact id: '621378042779d2bbd24a98d5cf115c68') in 0.039897 seconds
  Import took 0.044997 seconds .

========================================================================
Received Prepare
Registering precompiled user dll's ...
Registered in 0.001800 seconds.
Begin MonoManager ReloadAssembly
Native extension for WindowsStandalone target not found
Refreshing native plugins compatible for Editor in 0.39 ms, found 0 plugins.
Preloading 0 native plugins for Editor in 0.00 ms.
Invoked RoslynAnalysisRunner static constructor.
RoslynAnalysisRunner will not be running.
RoslynAnalysisRunner has terminated.
Mono: successfully reloaded assembly
- Completed reload, in  0.696 seconds
Platform modules already initialized, skipping
Shader 'Universal Render Pipeline/Particles/Lit': fallback shader 'Universal Render Pipeline/Particles/SimpleLit' not found
Refreshing native plugins compatible for Editor in 0.40 ms, found 0 plugins.
Preloading 0 native plugins for Editor in 0.00 ms.
Unloading 2362 Unused Serialized files (Serialized files now loaded: 0)
System memory in use before: 131.1 MB.
System memory in use after: 131.3 MB.

Unloading 5 unused Assets to reduce memory usage. Loaded Objects now: 3118.
Total: 2.116300 ms (FindLiveObjects: 0.255300 ms CreateObjectMapping: 0.096200 ms MarkObjects: 1.751500 ms  DeleteObjects: 0.012400 ms)

========================================================================
Received Prepare
Registering precompiled user dll's ...
Registered in 0.001189 seconds.
Begin MonoManager ReloadAssembly
Native extension for WindowsStandalone target not found
Refreshing native plugins compatible for Editor in 0.40 ms, found 0 plugins.
Preloading 0 native plugins for Editor in 0.00 ms.
Invoked RoslynAnalysisRunner static constructor.
RoslynAnalysisRunner will not be running.
RoslynAnalysisRunner has terminated.
Mono: successfully reloaded assembly
- Completed reload, in  0.697 seconds
Platform modules already initialized, skipping
Shader 'Universal Render Pipeline/Particles/Lit': fallback shader 'Universal Render Pipeline/Particles/SimpleLit' not found
Refreshing native plugins compatible for Editor in 0.41 ms, found 0 plugins.
Preloading 0 native plugins for Editor in 0.00 ms.
Unloading 2362 Unused Serialized files (Serialized files now loaded: 0)
System memory in use before: 131.2 MB.
System memory in use after: 131.4 MB.

Unloading 5 unused Assets to reduce memory usage. Loaded Objects now: 3121.
Total: 1.989300 ms (FindLiveObjects: 0.284900 ms CreateObjectMapping: 0.117000 ms MarkObjects: 1.575100 ms  DeleteObjects: 0.011100 ms)

========================================================================
Received Prepare
Registering precompiled user dll's ...
Registered in 0.001210 seconds.
Begin MonoManager ReloadAssembly
Native extension for WindowsStandalone target not found
Refreshing native plugins compatible for Editor in 0.40 ms, found 0 plugins.
Preloading 0 native plugins for Editor in 0.00 ms.
Invoked RoslynAnalysisRunner static constructor.
RoslynAnalysisRunner will not be running.
RoslynAnalysisRunner has terminated.
Mono: successfully reloaded assembly
- Completed reload, in  0.708 seconds
Platform modules already initialized, skipping
Shader 'Universal Render Pipeline/Particles/Lit': fallback shader 'Universal Render Pipeline/Particles/SimpleLit' not found
Refreshing native plugins compatible for Editor in 0.39 ms, found 0 plugins.
Preloading 0 native plugins for Editor in 0.00 ms.
Unloading 2362 Unused Serialized files (Serialized files now loaded: 0)
System memory in use before: 131.2 MB.
System memory in use after: 131.5 MB.

Unloading 5 unused Assets to reduce memory usage. Loaded Objects now: 3124.
Total: 2.070300 ms (FindLiveObjects: 0.333700 ms CreateObjectMapping: 0.128600 ms MarkObjects: 1.595800 ms  DeleteObjects: 0.011100 ms)

========================================================================
Received Prepare
Registering precompiled user dll's ...
Registered in 0.002165 seconds.
Begin MonoManager ReloadAssembly
Native extension for WindowsStandalone target not found
Refreshing native plugins compatible for Editor in 0.44 ms, found 0 plugins.
Preloading 0 native plugins for Editor in 0.00 ms.
Invoked RoslynAnalysisRunner static constructor.
RoslynAnalysisRunner will not be running.
RoslynAnalysisRunner has terminated.
Mono: successfully reloaded assembly
- Completed reload, in  0.681 seconds
Platform modules already initialized, skipping
Shader 'Universal Render Pipeline/Particles/Lit': fallback shader 'Universal Render Pipeline/Particles/SimpleLit' not found
Refreshing native plugins compatible for Editor in 0.39 ms, found 0 plugins.
Preloading 0 native plugins for Editor in 0.00 ms.
Unloading 2362 Unused Serialized files (Serialized files now loaded: 0)
System memory in use before: 131.2 MB.
System memory in use after: 131.5 MB.

Unloading 5 unused Assets to reduce memory usage. Loaded Objects now: 3127.
Total: 2.282800 ms (FindLiveObjects: 0.283300 ms CreateObjectMapping: 0.116000 ms MarkObjects: 1.870500 ms  DeleteObjects: 0.011800 ms)

========================================================================
Received Prepare
Registering precompiled user dll's ...
Registered in 0.001102 seconds.
Begin MonoManager ReloadAssembly
Native extension for WindowsStandalone target not found
Refreshing native plugins compatible for Editor in 0.38 ms, found 0 plugins.
Preloading 0 native plugins for Editor in 0.00 ms.
Invoked RoslynAnalysisRunner static constructor.
RoslynAnalysisRunner will not be running.
RoslynAnalysisRunner has terminated.
Mono: successfully reloaded assembly
- Completed reload, in  0.682 seconds
Platform modules already initialized, skipping
Shader 'Universal Render Pipeline/Particles/Lit': fallback shader 'Universal Render Pipeline/Particles/SimpleLit' not found
Refreshing native plugins compatible for Editor in 0.38 ms, found 0 plugins.
Preloading 0 native plugins for Editor in 0.00 ms.
Unloading 2362 Unused Serialized files (Serialized files now loaded: 0)
System memory in use before: 131.2 MB.
System memory in use after: 131.5 MB.

Unloading 5 unused Assets to reduce memory usage. Loaded Objects now: 3130.
Total: 2.346200 ms (FindLiveObjects: 0.250200 ms CreateObjectMapping: 0.117200 ms MarkObjects: 1.963300 ms  DeleteObjects: 0.014300 ms)

AssetImportWorkerClient::OnTransportError - code=2 error=End of file
